Determining if the function sgemm_ exists failed with the following output:
Change Dir: /home/thukisdo/Bureau/Cours/M1/NUMERICAL/TP5/Release/CMakeFiles/CMakeTmp

Run Build Command(s):/usr/bin/gmake -f Makefile cmTC_8dd2c/fast && /usr/bin/gmake  -f CMakeFiles/cmTC_8dd2c.dir/build.make CMakeFiles/cmTC_8dd2c.dir/build
gmake[1]: Entering directory '/home/thukisdo/Bureau/Cours/M1/NUMERICAL/TP5/Release/CMakeFiles/CMakeTmp'
Building C object CMakeFiles/cmTC_8dd2c.dir/CheckFunctionExists.c.o
/usr/bin/cc   -DCHECK_FUNCTION_EXISTS=sgemm_ -o CMakeFiles/cmTC_8dd2c.dir/CheckFunctionExists.c.o -c /home/thukisdo/Bureau/CLion/clion-2021.2.3/bin/cmake/linux/share/cmake-3.20/Modules/CheckFunctionExists.c
Linking C executable cmTC_8dd2c
/home/thukisdo/Bureau/CLion/clion-2021.2.3/bin/cmake/linux/bin/cmake -E cmake_link_script CMakeFiles/cmTC_8dd2c.dir/link.txt --verbose=1
/usr/bin/cc  -DCHECK_FUNCTION_EXISTS=sgemm_ -rdynamic CMakeFiles/cmTC_8dd2c.dir/CheckFunctionExists.c.o -o cmTC_8dd2c 
/usr/bin/ld: CMakeFiles/cmTC_8dd2c.dir/CheckFunctionExists.c.o: in function `main':
CheckFunctionExists.c:(.text+0x10): undefined reference to `sgemm_'
collect2: error: ld returned 1 exit status
gmake[1]: *** [CMakeFiles/cmTC_8dd2c.dir/build.make:99: cmTC_8dd2c] Error 1
gmake[1]: Leaving directory '/home/thukisdo/Bureau/Cours/M1/NUMERICAL/TP5/Release/CMakeFiles/CMakeTmp'
gmake: *** [Makefile:127: cmTC_8dd2c/fast] Error 2



Performing C SOURCE FILE Test CMAKE_HAVE_LIBC_PTHREAD failed with the following output:
Change Dir: /home/thukisdo/Bureau/Cours/M1/NUMERICAL/TP5/Release/CMakeFiles/CMakeTmp

Run Build Command(s):/usr/bin/gmake -f Makefile cmTC_51f18/fast && /usr/bin/gmake  -f CMakeFiles/cmTC_51f18.dir/build.make CMakeFiles/cmTC_51f18.dir/build
gmake[1]: Entering directory '/home/thukisdo/Bureau/Cours/M1/NUMERICAL/TP5/Release/CMakeFiles/CMakeTmp'
Building C object CMakeFiles/cmTC_51f18.dir/src.c.o
/usr/bin/cc -DCMAKE_HAVE_LIBC_PTHREAD   -o CMakeFiles/cmTC_51f18.dir/src.c.o -c /home/thukisdo/Bureau/Cours/M1/NUMERICAL/TP5/Release/CMakeFiles/CMakeTmp/src.c
Linking C executable cmTC_51f18
/home/thukisdo/Bureau/CLion/clion-2021.2.3/bin/cmake/linux/bin/cmake -E cmake_link_script CMakeFiles/cmTC_51f18.dir/link.txt --verbose=1
/usr/bin/cc -rdynamic CMakeFiles/cmTC_51f18.dir/src.c.o -o cmTC_51f18 
/usr/bin/ld: CMakeFiles/cmTC_51f18.dir/src.c.o: in function `main':
src.c:(.text+0x2d): undefined reference to `pthread_create'
/usr/bin/ld: src.c:(.text+0x39): undefined reference to `pthread_detach'
/usr/bin/ld: src.c:(.text+0x45): undefined reference to `pthread_cancel'
/usr/bin/ld: src.c:(.text+0x56): undefined reference to `pthread_join'
collect2: error: ld returned 1 exit status
gmake[1]: *** [CMakeFiles/cmTC_51f18.dir/build.make:99: cmTC_51f18] Error 1
gmake[1]: Leaving directory '/home/thukisdo/Bureau/Cours/M1/NUMERICAL/TP5/Release/CMakeFiles/CMakeTmp'
gmake: *** [Makefile:127: cmTC_51f18/fast] Error 2


Source file was:
#include <pthread.h>

static void* test_func(void* data)
{
  return data;
}

int main(void)
{
  pthread_t thread;
  pthread_create(&thread, NULL, test_func, NULL);
  pthread_detach(thread);
  pthread_cancel(thread);
  pthread_join(thread, NULL);
  pthread_atfork(NULL, NULL, NULL);
  pthread_exit(NULL);

  return 0;
}

Determining if the function pthread_create exists in the pthreads failed with the following output:
Change Dir: /home/thukisdo/Bureau/Cours/M1/NUMERICAL/TP5/Release/CMakeFiles/CMakeTmp

Run Build Command(s):/usr/bin/gmake -f Makefile cmTC_d6395/fast && /usr/bin/gmake  -f CMakeFiles/cmTC_d6395.dir/build.make CMakeFiles/cmTC_d6395.dir/build
gmake[1]: Entering directory '/home/thukisdo/Bureau/Cours/M1/NUMERICAL/TP5/Release/CMakeFiles/CMakeTmp'
Building C object CMakeFiles/cmTC_d6395.dir/CheckFunctionExists.c.o
/usr/bin/cc   -DCHECK_FUNCTION_EXISTS=pthread_create -o CMakeFiles/cmTC_d6395.dir/CheckFunctionExists.c.o -c /home/thukisdo/Bureau/CLion/clion-2021.2.3/bin/cmake/linux/share/cmake-3.20/Modules/CheckFunctionExists.c
Linking C executable cmTC_d6395
/home/thukisdo/Bureau/CLion/clion-2021.2.3/bin/cmake/linux/bin/cmake -E cmake_link_script CMakeFiles/cmTC_d6395.dir/link.txt --verbose=1
/usr/bin/cc  -DCHECK_FUNCTION_EXISTS=pthread_create -rdynamic CMakeFiles/cmTC_d6395.dir/CheckFunctionExists.c.o -o cmTC_d6395  -lpthreads 
/usr/bin/ld: cannot find -lpthreads
collect2: error: ld returned 1 exit status
gmake[1]: *** [CMakeFiles/cmTC_d6395.dir/build.make:99: cmTC_d6395] Error 1
gmake[1]: Leaving directory '/home/thukisdo/Bureau/Cours/M1/NUMERICAL/TP5/Release/CMakeFiles/CMakeTmp'
gmake: *** [Makefile:127: cmTC_d6395/fast] Error 2



